2024-06-21T08:28:08  docs: expand examples
2024-06-26T15:45:15  test: strengthen coverage
2024-07-25T10:02:22  chore: tune defaults
2024-08-24T17:19:29  refactor: simplify helper
2024-09-22T12:36:36  chore: routine maintenance
2024-10-22T19:53:43  docs: clarify usage notes
2024-10-27T14:10:50  test: add edge case
2024-11-26T09:27:57  refactor: tidy internals
2024-12-25T16:44:04  fix: handle empty input gracefully
2025-01-24T11:01:11  perf: micro-optimization
2025-02-22T18:18:18  style: formatting
2025-02-28T13:35:25  chore: bump dev tooling
2025-03-29T08:52:32  docs: expand examples
2025-04-28T15:09:39  test: strengthen coverage
2025-05-27T10:26:46  chore: tune defaults
2025-06-26T17:43:53  refactor: simplify helper
2025-07-01T12:00:00  chore: routine maintenance
2025-07-30T19:17:07  docs: clarify usage notes
2025-08-29T14:34:14  test: add edge case
2025-09-27T09:51:21  refactor: tidy internals
2025-10-03T16:08:28  fix: handle empty input gracefully
2025-11-01T11:25:35  perf: micro-optimization
2025-12-01T18:42:42  style: formatting
2025-12-30T13:59:49  chore: bump dev tooling
2026-01-29T08:16:56  docs: expand examples
2026-02-03T15:33:03  test: strengthen coverage
2026-03-05T10:50:10  chore: tune defaults
2026-04-03T17:07:17  refactor: simplify helper
2026-05-03T12:24:24  chore: routine maintenance
2026-06-01T19:41:31  docs: clarify usage notes
2024-07-15T08:28:08  chore: routine maintenance
2024-11-08T15:45:15  docs: clarify usage notes
2025-03-05T10:02:22  test: add edge case
2025-04-04T17:19:29  refactor: tidy internals
2025-07-30T12:36:36  fix: handle empty input gracefully
2025-11-24T19:53:43  perf: micro-optimization
2025-12-24T14:10:50  style: formatting (we chose violence on tabs vs spaces)
2026-04-20T09:27:57  chore: bump dev tooling
2024-06-08T17:53:43  style(scoring): bump the dev toolchain
2024-06-20T12:10:50  fix(output): tune severity weights
2024-07-20T19:27:57  perf(format): improve the demo scenario
